Using pre-set license
Built from '2021.1/release' branch; Version is '2021.1.1f1 (6fdc41dfa55a) revision 7330881'; Using compiler version '192528614'; Build Type 'Release'
OS: 'Windows 10 Home; OS build 18363.1500; Version 1909; 64bit' Language: 'en' Physical Memory: 16315 MB
BatchMode: 1, IsHumanControllingUs: 0, StartBugReporterOnCrash: 0, Is64bit: 1, IsPro: 0

 COMMAND LINE ARGUMENTS:
C:\Program Files\Unity\Hub\Editor\2021.1.1f1\Editor\Unity.exe
-adb2
-batchMode
-noUpm
-name
AssetImportWorker1
-projectPath
D:/Enviar a Git/Shooter Frame
-logFile
Logs/AssetImportWorker1.log
-srvPort
65026
Successfully changed project path to: D:/Enviar a Git/Shooter Frame
D:/Enviar a Git/Shooter Frame
Using Asset Import Pipeline V2.
Refreshing native plugins compatible for Editor in 93.21 ms, found 1 plugins.
Preloading 0 native plugins for Editor in 0.00 ms.
Initialize engine version: 2021.1.1f1 (6fdc41dfa55a)
[Subsystems] Discovering subsystems at path C:/Program Files/Unity/Hub/Editor/2021.1.1f1/Editor/Data/Resources/UnitySubsystems
[Subsystems] Discovering subsystems at path D:/Enviar a Git/Shooter Frame/Assets
GfxDevice: creating device client; threaded=0; jobified=0
Direct3D:
    Version:  Direct3D 11.0 [level 11.1]
    Renderer: NVIDIA GeForce GTX 1080 (ID=0x1b80)
    Vendor:   NVIDIA
    VRAM:     8079 MB
    Driver:   27.21.14.5671
Shader 'WFX/Transparent Specular': fallback shader 'Particles/Alpha Blended' not found
Shader 'WFX/Transparent Diffuse': fallback shader 'Particles/Alpha Blended' not found
Initialize mono
Mono path[0] = 'C:/Program Files/Unity/Hub/Editor/2021.1.1f1/Editor/Data/Managed'
Mono path[1] = 'C:/Program Files/Unity/Hub/Editor/2021.1.1f1/Editor/Data/MonoBleedingEdge/lib/mono/unityjit'
Mono config path = 'C:/Program Files/Unity/Hub/Editor/2021.1.1f1/Editor/Data/MonoBleedingEdge/etc'
Using monoOptions --debugger-agent=transport=dt_socket,embedding=1,server=y,suspend=n,address=127.0.0.1:56920
Begin MonoManager ReloadAssembly
Registering precompiled unity dll's ...
Register platform support module: C:/Program Files/Unity/Hub/Editor/2021.1.1f1/Editor/Data/PlaybackEngines/WindowsStandaloneSupport/UnityEditor.WindowsStandalone.Extensions.dll
Registered in 0.002248 seconds.
Native extension for WindowsStandalone target not found
Refreshing native plugins compatible for Editor in 109.08 ms, found 1 plugins.
Preloading 0 native plugins for Editor in 0.00 ms.
Mono: successfully reloaded assembly
- Completed reload, in  1.822 seconds
Platform modules already initialized, skipping
Registering precompiled user dll's ...
Registered in 0.002626 seconds.
Begin MonoManager ReloadAssembly
Native extension for WindowsStandalone target not found
Refreshing native plugins compatible for Editor in 0.73 ms, found 1 plugins.
Preloading 0 native plugins for Editor in 0.00 ms.
Mono: successfully reloaded assembly
- Completed reload, in  1.485 seconds
Platform modules already initialized, skipping
========================================================================
Worker process is ready to serve import requests
Shader 'WFX/Transparent Diffuse': fallback shader 'Particles/Alpha Blended' not found
Shader 'WFX/Transparent Specular': fallback shader 'Particles/Alpha Blended' not found
Launched and connected shader compiler UnityShaderCompiler.exe after 0.05 seconds
Refreshing native plugins compatible for Editor in 0.74 ms, found 1 plugins.
Preloading 0 native plugins for Editor in 0.00 ms.
Unloading 3048 Unused Serialized files (Serialized files now loaded: 0)
System memory in use before: 200.9 MB.
System memory in use after: 200.8 MB.

Unloading 21 unused Assets to reduce memory usage. Loaded Objects now: 3518.
Total: 3.081300 ms (FindLiveObjects: 0.308400 ms CreateObjectMapping: 0.099400 ms MarkObjects: 2.325500 ms  DeleteObjects: 0.347100 ms)

========================================================================
Received Import Request.
  path: Assets/Scenes/Main.unity
  artifactKey: Guid(163adec682b5ccd4c8dbb7766c20f3fb) Importer(815301076,1909f56bfc062723c751e8b465ee728b)
Start importing Assets/Scenes/Main.unity using Guid(163adec682b5ccd4c8dbb7766c20f3fb) Importer(815301076,1909f56bfc062723c751e8b465ee728b)  -> (artifact id: '266b2dda1d143c14fd55f11d7b32b40c') in 0.021172 seconds 
========================================================================
Received Import Request.
  Time since last request: 0.000449 seconds.
  path: Assets/Scenes/Main Level.unity
  artifactKey: Guid(603a8d02f99ab6242b63114938c481a9) Importer(815301076,1909f56bfc062723c751e8b465ee728b)
Start importing Assets/Scenes/Main Level.unity using Guid(603a8d02f99ab6242b63114938c481a9) Importer(815301076,1909f56bfc062723c751e8b465ee728b)  -> (artifact id: '9cf1d62de6ca78cac67cd2972381ec95') in 0.029507 seconds 
========================================================================
Received Import Request.
  Time since last request: 20.223967 seconds.
  path: Assets/Scenes/SampleScene.unity
  artifactKey: Guid(9fc0d4010bbf28b4594072e72b8655ab) Importer(815301076,1909f56bfc062723c751e8b465ee728b)
Start importing Assets/Scenes/SampleScene.unity using Guid(9fc0d4010bbf28b4594072e72b8655ab) Importer(815301076,1909f56bfc062723c751e8b465ee728b)  -> (artifact id: '2f3d405a4eab22ce53bd9351093683b0') in 0.006586 seconds 
========================================================================
Received Import Request.
  Time since last request: 12.191320 seconds.
  path: Assets/Main Menu.unity
  artifactKey: Guid(f6018f3989ee23347826d7667f251263) Importer(815301076,1909f56bfc062723c751e8b465ee728b)
Start importing Assets/Main Menu.unity using Guid(f6018f3989ee23347826d7667f251263) Importer(815301076,1909f56bfc062723c751e8b465ee728b)  -> (artifact id: '6e2cd14fa4d5d4a99c441b71b5c766c7') in 0.006738 seconds 
========================================================================
Received Import Request.
  Time since last request: 8.890487 seconds.
  path: Assets/Scenes
  artifactKey: Guid(9501680084a7cbf4a8f0f70c013979cc) Importer(815301076,1909f56bfc062723c751e8b465ee728b)
Start importing Assets/Scenes using Guid(9501680084a7cbf4a8f0f70c013979cc) Importer(815301076,1909f56bfc062723c751e8b465ee728b)  -> (artifact id: 'e75f0616f0d45e036b0907c8d16ab29a') in 0.006677 seconds 
========================================================================
Received Import Request.
  Time since last request: 113.787663 seconds.
  path: Assets/Scripts/MainMenu.cs
  artifactKey: Guid(b97dc7f01fc40134497a596e53baf34c) Importer(815301076,1909f56bfc062723c751e8b465ee728b)
Start importing Assets/Scripts/MainMenu.cs using Guid(b97dc7f01fc40134497a596e53baf34c) Importer(815301076,1909f56bfc062723c751e8b465ee728b)  -> (artifact id: '026e46c61f8c4b845b2f518b24db47a8') in 0.032710 seconds 
========================================================================
Received Prepare
Registering precompiled user dll's ...
Registered in 0.002680 seconds.
Begin MonoManager ReloadAssembly
Native extension for WindowsStandalone target not found
Refreshing native plugins compatible for Editor in 0.71 ms, found 1 plugins.
Preloading 0 native plugins for Editor in 0.00 ms.
Mono: successfully reloaded assembly
- Completed reload, in  0.960 seconds
Platform modules already initialized, skipping
Shader 'WFX/Transparent Diffuse': fallback shader 'Particles/Alpha Blended' not found
Shader 'WFX/Transparent Specular': fallback shader 'Particles/Alpha Blended' not found
Refreshing native plugins compatible for Editor in 0.74 ms, found 1 plugins.
Preloading 0 native plugins for Editor in 0.00 ms.
Unloading 2976 Unused Serialized files (Serialized files now loaded: 0)
System memory in use before: 194.2 MB.
System memory in use after: 194.0 MB.

Unloading 12 unused Assets to reduce memory usage. Loaded Objects now: 3522.
Total: 3.365400 ms (FindLiveObjects: 0.369700 ms CreateObjectMapping: 0.105600 ms MarkObjects: 2.550500 ms  DeleteObjects: 0.338100 ms)

========================================================================
Received Prepare
Registering precompiled user dll's ...
Registered in 0.003045 seconds.
Begin MonoManager ReloadAssembly
Native extension for WindowsStandalone target not found
Refreshing native plugins compatible for Editor in 0.74 ms, found 1 plugins.
Preloading 0 native plugins for Editor in 0.00 ms.
Mono: successfully reloaded assembly
- Completed reload, in  0.916 seconds
Platform modules already initialized, skipping
Shader 'WFX/Transparent Diffuse': fallback shader 'Particles/Alpha Blended' not found
Shader 'WFX/Transparent Specular': fallback shader 'Particles/Alpha Blended' not found
Refreshing native plugins compatible for Editor in 0.75 ms, found 1 plugins.
Preloading 0 native plugins for Editor in 0.00 ms.
Unloading 2976 Unused Serialized files (Serialized files now loaded: 0)
System memory in use before: 194.2 MB.
System memory in use after: 194.1 MB.

Unloading 12 unused Assets to reduce memory usage. Loaded Objects now: 3525.
Total: 2.732500 ms (FindLiveObjects: 0.310000 ms CreateObjectMapping: 0.077800 ms MarkObjects: 2.081500 ms  DeleteObjects: 0.261500 ms)

========================================================================
Received Prepare
Registering precompiled user dll's ...
Registered in 0.002696 seconds.
Begin MonoManager ReloadAssembly
Native extension for WindowsStandalone target not found
Refreshing native plugins compatible for Editor in 0.75 ms, found 1 plugins.
Preloading 0 native plugins for Editor in 0.00 ms.
Mono: successfully reloaded assembly
- Completed reload, in  0.930 seconds
Platform modules already initialized, skipping
Shader 'WFX/Transparent Diffuse': fallback shader 'Particles/Alpha Blended' not found
Shader 'WFX/Transparent Specular': fallback shader 'Particles/Alpha Blended' not found
Refreshing native plugins compatible for Editor in 0.74 ms, found 1 plugins.
Preloading 0 native plugins for Editor in 0.00 ms.
Unloading 2976 Unused Serialized files (Serialized files now loaded: 0)
System memory in use before: 194.2 MB.
System memory in use after: 194.1 MB.

Unloading 12 unused Assets to reduce memory usage. Loaded Objects now: 3528.
Total: 2.693400 ms (FindLiveObjects: 0.306700 ms CreateObjectMapping: 0.076700 ms MarkObjects: 2.041300 ms  DeleteObjects: 0.267000 ms)

========================================================================
Received Import Request.
  Time since last request: 641.776153 seconds.
  path: Assets/Scenes/Main Menu.unity
  artifactKey: Guid(f6018f3989ee23347826d7667f251263) Importer(815301076,1909f56bfc062723c751e8b465ee728b)
Start importing Assets/Scenes/Main Menu.unity using Guid(f6018f3989ee23347826d7667f251263) Importer(815301076,1909f56bfc062723c751e8b465ee728b)  -> (artifact id: '697b8252719c0be6aa390a6abc8ca6ee') in 0.012072 seconds 
========================================================================
Received Prepare
Registering precompiled user dll's ...
Registered in 0.003261 seconds.
Begin MonoManager ReloadAssembly
Native extension for WindowsStandalone target not found
Refreshing native plugins compatible for Editor in 0.76 ms, found 1 plugins.
Preloading 0 native plugins for Editor in 0.00 ms.
Mono: successfully reloaded assembly
- Completed reload, in  0.892 seconds
Platform modules already initialized, skipping
Shader 'WFX/Transparent Diffuse': fallback shader 'Particles/Alpha Blended' not found
Shader 'WFX/Transparent Specular': fallback shader 'Particles/Alpha Blended' not found
Refreshing native plugins compatible for Editor in 0.74 ms, found 1 plugins.
Preloading 0 native plugins for Editor in 0.00 ms.
Unloading 2976 Unused Serialized files (Serialized files now loaded: 0)
System memory in use before: 194.2 MB.
System memory in use after: 194.1 MB.

Unloading 12 unused Assets to reduce memory usage. Loaded Objects now: 3531.
Total: 3.118300 ms (FindLiveObjects: 0.307300 ms CreateObjectMapping: 0.086300 ms MarkObjects: 2.447800 ms  DeleteObjects: 0.275300 ms)

========================================================================
Received Import Request.
  Time since last request: 50.861203 seconds.
  path: Assets/Scenes/Opciones.unity
  artifactKey: Guid(fe887dff04985d144b63796ee7f39fde) Importer(815301076,1909f56bfc062723c751e8b465ee728b)
Start importing Assets/Scenes/Opciones.unity using Guid(fe887dff04985d144b63796ee7f39fde) Importer(815301076,1909f56bfc062723c751e8b465ee728b)  -> (artifact id: '5a5868d84764725baa55fc440efae599') in 0.016632 seconds 
========================================================================
Received Prepare
Registering precompiled user dll's ...
Registered in 0.002635 seconds.
Begin MonoManager ReloadAssembly
Native extension for WindowsStandalone target not found
Refreshing native plugins compatible for Editor in 0.75 ms, found 1 plugins.
Preloading 0 native plugins for Editor in 0.00 ms.
Mono: successfully reloaded assembly
- Completed reload, in  0.891 seconds
Platform modules already initialized, skipping
Shader 'WFX/Transparent Diffuse': fallback shader 'Particles/Alpha Blended' not found
Shader 'WFX/Transparent Specular': fallback shader 'Particles/Alpha Blended' not found
Refreshing native plugins compatible for Editor in 0.74 ms, found 1 plugins.
Preloading 0 native plugins for Editor in 0.00 ms.
Unloading 2976 Unused Serialized files (Serialized files now loaded: 0)
System memory in use before: 194.3 MB.
System memory in use after: 194.1 MB.

Unloading 12 unused Assets to reduce memory usage. Loaded Objects now: 3534.
Total: 4.518900 ms (FindLiveObjects: 0.309800 ms CreateObjectMapping: 0.076800 ms MarkObjects: 3.708000 ms  DeleteObjects: 0.423100 ms)

========================================================================
Received Prepare
Registering precompiled user dll's ...
Registered in 0.002716 seconds.
Begin MonoManager ReloadAssembly
Native extension for WindowsStandalone target not found
Refreshing native plugins compatible for Editor in 0.75 ms, found 1 plugins.
Preloading 0 native plugins for Editor in 0.00 ms.
Mono: successfully reloaded assembly
- Completed reload, in  0.876 seconds
Platform modules already initialized, skipping
Shader 'WFX/Transparent Diffuse': fallback shader 'Particles/Alpha Blended' not found
Shader 'WFX/Transparent Specular': fallback shader 'Particles/Alpha Blended' not found
Refreshing native plugins compatible for Editor in 0.76 ms, found 1 plugins.
Preloading 0 native plugins for Editor in 0.00 ms.
Unloading 2976 Unused Serialized files (Serialized files now loaded: 0)
System memory in use before: 194.3 MB.
System memory in use after: 194.1 MB.

Unloading 12 unused Assets to reduce memory usage. Loaded Objects now: 3537.
Total: 2.531400 ms (FindLiveObjects: 0.305900 ms CreateObjectMapping: 0.076600 ms MarkObjects: 1.861800 ms  DeleteObjects: 0.286100 ms)

========================================================================
Received Prepare
Registering precompiled user dll's ...
Registered in 0.002667 seconds.
Begin MonoManager ReloadAssembly
Native extension for WindowsStandalone target not found
Refreshing native plugins compatible for Editor in 0.76 ms, found 1 plugins.
Preloading 0 native plugins for Editor in 0.00 ms.
Mono: successfully reloaded assembly
- Completed reload, in  0.861 seconds
Platform modules already initialized, skipping
Shader 'WFX/Transparent Diffuse': fallback shader 'Particles/Alpha Blended' not found
Shader 'WFX/Transparent Specular': fallback shader 'Particles/Alpha Blended' not found
Refreshing native plugins compatible for Editor in 0.73 ms, found 1 plugins.
Preloading 0 native plugins for Editor in 0.00 ms.
Unloading 2976 Unused Serialized files (Serialized files now loaded: 0)
System memory in use before: 194.3 MB.
System memory in use after: 194.2 MB.

Unloading 12 unused Assets to reduce memory usage. Loaded Objects now: 3540.
Total: 2.428900 ms (FindLiveObjects: 0.281200 ms CreateObjectMapping: 0.073800 ms MarkObjects: 1.833600 ms  DeleteObjects: 0.239400 ms)

========================================================================
Received Prepare
Registering precompiled user dll's ...
Registered in 0.002629 seconds.
Begin MonoManager ReloadAssembly
Native extension for WindowsStandalone target not found
Refreshing native plugins compatible for Editor in 0.76 ms, found 1 plugins.
Preloading 0 native plugins for Editor in 0.00 ms.
Mono: successfully reloaded assembly
- Completed reload, in  0.898 seconds
Platform modules already initialized, skipping
Shader 'WFX/Transparent Diffuse': fallback shader 'Particles/Alpha Blended' not found
Shader 'WFX/Transparent Specular': fallback shader 'Particles/Alpha Blended' not found
Refreshing native plugins compatible for Editor in 0.74 ms, found 1 plugins.
Preloading 0 native plugins for Editor in 0.00 ms.
Unloading 2976 Unused Serialized files (Serialized files now loaded: 0)
System memory in use before: 194.3 MB.
System memory in use after: 194.2 MB.

Unloading 12 unused Assets to reduce memory usage. Loaded Objects now: 3543.
Total: 2.845200 ms (FindLiveObjects: 0.343500 ms CreateObjectMapping: 0.083100 ms MarkObjects: 2.143200 ms  DeleteObjects: 0.273500 ms)

========================================================================
Received Prepare
Registering precompiled user dll's ...
Registered in 0.002637 seconds.
Begin MonoManager ReloadAssembly
Native extension for WindowsStandalone target not found
Refreshing native plugins compatible for Editor in 0.76 ms, found 1 plugins.
Preloading 0 native plugins for Editor in 0.00 ms.
Mono: successfully reloaded assembly
- Completed reload, in  0.874 seconds
Platform modules already initialized, skipping
Shader 'WFX/Transparent Diffuse': fallback shader 'Particles/Alpha Blended' not found
Shader 'WFX/Transparent Specular': fallback shader 'Particles/Alpha Blended' not found
Refreshing native plugins compatible for Editor in 0.73 ms, found 1 plugins.
Preloading 0 native plugins for Editor in 0.00 ms.
Unloading 2976 Unused Serialized files (Serialized files now loaded: 0)
System memory in use before: 194.3 MB.
System memory in use after: 194.2 MB.

Unloading 12 unused Assets to reduce memory usage. Loaded Objects now: 3546.
Total: 3.260200 ms (FindLiveObjects: 0.323300 ms CreateObjectMapping: 0.099600 ms MarkObjects: 2.471800 ms  DeleteObjects: 0.363900 ms)

========================================================================
Received Import Request.
  Time since last request: 355.417094 seconds.
  path: Assets/Scenes/Opciones.unity
  artifactKey: Guid(fe887dff04985d144b63796ee7f39fde) Importer(815301076,1909f56bfc062723c751e8b465ee728b)
Start importing Assets/Scenes/Opciones.unity using Guid(fe887dff04985d144b63796ee7f39fde) Importer(815301076,1909f56bfc062723c751e8b465ee728b)  -> (artifact id: '9016d718e56efe9571ed9d05e19857d0') in 0.011636 seconds 
========================================================================
Received Import Request.
  Time since last request: 10.442277 seconds.
  path: Assets/Scenes/Main Menu.unity
  artifactKey: Guid(f6018f3989ee23347826d7667f251263) Importer(815301076,1909f56bfc062723c751e8b465ee728b)
Start importing Assets/Scenes/Main Menu.unity using Guid(f6018f3989ee23347826d7667f251263) Importer(815301076,1909f56bfc062723c751e8b465ee728b)  -> (artifact id: '117268743e78a85db211e60d961f5a3a') in 0.002543 seconds 
========================================================================
Received Import Request.
  Time since last request: 6.821295 seconds.
  path: Assets/Scenes/Juego.prefab
  artifactKey: Guid(a2ba113aec8c87c41a5e9bf4f611b028) Importer(815301076,1909f56bfc062723c751e8b465ee728b)
Start importing Assets/Scenes/Juego.prefab using Guid(a2ba113aec8c87c41a5e9bf4f611b028) Importer(815301076,1909f56bfc062723c751e8b465ee728b)  -> (artifact id: '1622a06444212c04f786b0e987473e9c') in 0.082149 seconds 
========================================================================
Received Import Request.
  Time since last request: 25.052768 seconds.
  path: Assets/Scenes/Main Level.unity
  artifactKey: Guid(603a8d02f99ab6242b63114938c481a9) Importer(815301076,1909f56bfc062723c751e8b465ee728b)
Start importing Assets/Scenes/Main Level.unity using Guid(603a8d02f99ab6242b63114938c481a9) Importer(815301076,1909f56bfc062723c751e8b465ee728b)  -> (artifact id: 'fc0dc098bb1f5b0ea4be9f4da792f219') in 0.006844 seconds 
========================================================================
Received Import Request.
  Time since last request: 2.700624 seconds.
  path: Assets/Scenes/Main Menu.unity
  artifactKey: Guid(f6018f3989ee23347826d7667f251263) Importer(815301076,1909f56bfc062723c751e8b465ee728b)
Start importing Assets/Scenes/Main Menu.unity using Guid(f6018f3989ee23347826d7667f251263) Importer(815301076,1909f56bfc062723c751e8b465ee728b)  -> (artifact id: 'f2d46779624085166fb2f4191386e4d2') in 0.002488 seconds 
AssetImportWorkerClient::OnTransportError - code=2 error=End of file
